2024-12-13T20:25:22.656-06:00  INFO 2880 --- [dental-flamingos-system] [restartedMain] c.d.DentalFlamingosSystemApplication     : Starting DentalFlamingosSystemApplication using Java 21.0.1 with PID 2880 (/Users/leonardoaguirreramirez/Desktop/CopiaProyecto/user/dental-flamingos-system/target/classes started by leonardoaguirreramirez in /Users/leonardoaguirreramirez/Desktop/CopiaProyecto/user/dental-flamingos-system)
2024-12-13T20:25:22.663-06:00  INFO 2880 --- [dental-flamingos-system] [restartedMain] c.d.DentalFlamingosSystemApplication     : No active profile set, falling back to 1 default profile: "default"
2024-12-13T20:25:22.728-06:00  INFO 2880 --- [dental-flamingos-system] [restartedMain] .e.DevToolsPropertyDefaultsPostProcessor : Devtools property defaults active! Set 'spring.devtools.add-properties' to 'false' to disable
2024-12-13T20:25:22.728-06:00  INFO 2880 --- [dental-flamingos-system] [restartedMain] .e.DevToolsPropertyDefaultsPostProcessor : For additional web related logging consider setting the 'logging.level.web' property to 'DEBUG'
2024-12-13T20:25:23.670-06:00  INFO 2880 --- [dental-flamingos-system] [restartedMain] .s.d.r.c.RepositoryConfigurationDelegate : Bootstrapping Spring Data JPA repositories in DEFAULT mode.
2024-12-13T20:25:23.762-06:00  INFO 2880 --- [dental-flamingos-system] [restartedMain] .s.d.r.c.RepositoryConfigurationDelegate : Finished Spring Data repository scanning in 79 ms. Found 7 JPA repository interfaces.
2024-12-13T20:25:24.706-06:00  INFO 2880 --- [dental-flamingos-system] [restartedMain] o.s.b.w.embedded.tomcat.TomcatWebServer  : Tomcat initialized with port 8080 (http)
2024-12-13T20:25:24.730-06:00  INFO 2880 --- [dental-flamingos-system] [restartedMain] o.apache.catalina.core.StandardService   : Starting service [Tomcat]
2024-12-13T20:25:24.731-06:00  INFO 2880 --- [dental-flamingos-system] [restartedMain] o.apache.catalina.core.StandardEngine    : Starting Servlet engine: [Apache Tomcat/10.1.31]
2024-12-13T20:25:24.789-06:00  INFO 2880 --- [dental-flamingos-system] [restartedMain] o.a.c.c.C.[.[.[/dentalflamingos]         : Initializing Spring embedded WebApplicationContext
2024-12-13T20:25:24.790-06:00  INFO 2880 --- [dental-flamingos-system] [restartedMain] w.s.c.ServletWebServerApplicationContext : Root WebApplicationContext: initialization completed in 2062 ms
2024-12-13T20:25:24.989-06:00  INFO 2880 --- [dental-flamingos-system] [restartedMain] com.zaxxer.hikari.HikariDataSource       : HikariPool-1 - Starting...
2024-12-13T20:25:25.508-06:00  INFO 2880 --- [dental-flamingos-system] [restartedMain] com.zaxxer.hikari.pool.HikariPool        : HikariPool-1 - Added connection com.mysql.cj.jdbc.ConnectionImpl@59c65f46
2024-12-13T20:25:25.510-06:00  INFO 2880 --- [dental-flamingos-system] [restartedMain] com.zaxxer.hikari.HikariDataSource       : HikariPool-1 - Start completed.
2024-12-13T20:25:25.553-06:00  INFO 2880 --- [dental-flamingos-system] [restartedMain] o.hibernate.jpa.internal.util.LogHelper  : HHH000204: Processing PersistenceUnitInfo [name: default]
2024-12-13T20:25:25.616-06:00  INFO 2880 --- [dental-flamingos-system] [restartedMain] org.hibernate.Version                    : HHH000412: Hibernate ORM core version 6.5.3.Final
2024-12-13T20:25:25.674-06:00  INFO 2880 --- [dental-flamingos-system] [restartedMain] o.h.c.internal.RegionFactoryInitiator    : HHH000026: Second-level cache disabled
2024-12-13T20:25:26.087-06:00  INFO 2880 --- [dental-flamingos-system] [restartedMain] o.s.o.j.p.SpringPersistenceUnitInfo      : No LoadTimeWeaver setup: ignoring JPA class transformer
2024-12-13T20:25:26.911-06:00  INFO 2880 --- [dental-flamingos-system] [restartedMain] o.h.e.t.j.p.i.JtaPlatformInitiator       : HHH000489: No JTA platform available (set 'hibernate.transaction.jta.platform' to enable JTA platform integration)
2024-12-13T20:25:26.913-06:00  INFO 2880 --- [dental-flamingos-system] [restartedMain] j.LocalContainerEntityManagerFactoryBean : Initialized JPA EntityManagerFactory for persistence unit 'default'
2024-12-13T20:25:27.348-06:00  INFO 2880 --- [dental-flamingos-system] [restartedMain] o.s.d.j.r.query.QueryEnhancerFactory     : Hibernate is in classpath; If applicable, HQL parser will be used.
2024-12-13T20:25:28.416-06:00  INFO 2880 --- [dental-flamingos-system] [restartedMain] eAuthenticationProviderManagerConfigurer : Global AuthenticationManager configured with AuthenticationProvider bean with name authenticationProvider
2024-12-13T20:25:28.417-06:00  WARN 2880 --- [dental-flamingos-system] [restartedMain] r$InitializeUserDetailsManagerConfigurer : Global AuthenticationManager configured with an AuthenticationProvider bean. UserDetailsService beans will not be used for username/password login. Consider removing the AuthenticationProvider bean. Alternatively, consider using the UserDetailsService in a manually instantiated DaoAuthenticationProvider.
2024-12-13T20:25:28.506-06:00  INFO 2880 --- [dental-flamingos-system] [restartedMain] o.s.b.a.w.s.WelcomePageHandlerMapping    : Adding welcome page template: index
2024-12-13T20:25:29.175-06:00  INFO 2880 --- [dental-flamingos-system] [restartedMain] o.s.b.d.a.OptionalLiveReloadServer       : LiveReload server is running on port 35729
2024-12-13T20:25:29.230-06:00  INFO 2880 --- [dental-flamingos-system] [restartedMain] o.s.b.w.embedded.tomcat.TomcatWebServer  : Tomcat started on port 8080 (http) with context path '/dentalflamingos'
2024-12-13T20:25:29.247-06:00  INFO 2880 --- [dental-flamingos-system] [restartedMain] c.d.DentalFlamingosSystemApplication     : Started DentalFlamingosSystemApplication in 7.206 seconds (process running for 7.92)
2024-12-13T20:25:33.306-06:00  INFO 2880 --- [dental-flamingos-system] [http-nio-8080-exec-2] o.a.c.c.C.[.[.[/dentalflamingos]         : Initializing Spring DispatcherServlet 'dispatcherServlet'
2024-12-13T20:25:33.306-06:00  INFO 2880 --- [dental-flamingos-system] [http-nio-8080-exec-2] o.s.web.servlet.DispatcherServlet        : Initializing Servlet 'dispatcherServlet'
2024-12-13T20:25:33.307-06:00  INFO 2880 --- [dental-flamingos-system] [http-nio-8080-exec-2] o.s.web.servlet.DispatcherServlet        : Completed initialization in 1 ms
2024-12-13T20:25:44.651-06:00  INFO 2880 --- [dental-flamingos-system] [http-nio-8080-exec-5] c.d.controller.index.IndexController     : Se inició sesión por: Dentista(idDentista=2, nombre=Aranza Esther Aguirre Ramírez, numeroCelular=5533470090, usuario=aradent10, password=$2y$11$bEU8YKQiimKxlwdhP.bVm.ilbQEMVpQviNanvlsCOEFzGD4NHFwdK)
2024-12-13T20:26:09.536-06:00  INFO 2880 --- [dental-flamingos-system] [http-nio-8080-exec-1] c.d.controller.index.IndexController     : Se inició sesión por: Dentista(idDentista=1, nombre=Noemi Esther Ramírez Silva, numeroCelular=5575444640, usuario=noemident10, password=$2y$11$ttK2DB7qJYR0LqlzoQLXC.izc/Jue54PoFwG/jwlnqH0jY/uzJgyu)
2024-12-13T20:29:03.743-06:00  INFO 2880 --- [dental-flamingos-system] [http-nio-8080-exec-4] c.d.controller.index.IndexController     : Se inició sesión por: Dentista(idDentista=1, nombre=Noemi Esther Ramírez Silva, numeroCelular=5575444640, usuario=noemident10, password=$2y$11$ttK2DB7qJYR0LqlzoQLXC.izc/Jue54PoFwG/jwlnqH0jY/uzJgyu)
2024-12-13T20:29:08.050-06:00  INFO 2880 --- [dental-flamingos-system] [SpringApplicationShutdownHook] j.LocalContainerEntityManagerFactoryBean : Closing JPA EntityManagerFactory for persistence unit 'default'
2024-12-13T20:29:08.052-06:00  INFO 2880 --- [dental-flamingos-system] [SpringApplicationShutdownHook] com.zaxxer.hikari.HikariDataSource       : HikariPool-1 - Shutdown initiated...
2024-12-13T20:29:08.056-06:00  INFO 2880 --- [dental-flamingos-system] [SpringApplicationShutdownHook] com.zaxxer.hikari.HikariDataSource       : HikariPool-1 - Shutdown completed.
2024-12-13T20:33:14.163-06:00  INFO 2934 --- [dental-flamingos-system] [restartedMain] c.d.DentalFlamingosSystemApplication     : Starting DentalFlamingosSystemApplication using Java 21.0.1 with PID 2934 (/Users/leonardoaguirreramirez/Desktop/CopiaProyecto/user/dental-flamingos-system/target/classes started by leonardoaguirreramirez in /Users/leonardoaguirreramirez/Desktop/CopiaProyecto/user/dental-flamingos-system)
2024-12-13T20:33:14.166-06:00  INFO 2934 --- [dental-flamingos-system] [restartedMain] c.d.DentalFlamingosSystemApplication     : No active profile set, falling back to 1 default profile: "default"
2024-12-13T20:33:14.249-06:00  INFO 2934 --- [dental-flamingos-system] [restartedMain] .e.DevToolsPropertyDefaultsPostProcessor : Devtools property defaults active! Set 'spring.devtools.add-properties' to 'false' to disable
2024-12-13T20:33:14.250-06:00  INFO 2934 --- [dental-flamingos-system] [restartedMain] .e.DevToolsPropertyDefaultsPostProcessor : For additional web related logging consider setting the 'logging.level.web' property to 'DEBUG'
2024-12-13T20:33:15.444-06:00  INFO 2934 --- [dental-flamingos-system] [restartedMain] .s.d.r.c.RepositoryConfigurationDelegate : Bootstrapping Spring Data JPA repositories in DEFAULT mode.
2024-12-13T20:33:15.549-06:00  INFO 2934 --- [dental-flamingos-system] [restartedMain] .s.d.r.c.RepositoryConfigurationDelegate : Finished Spring Data repository scanning in 95 ms. Found 7 JPA repository interfaces.
2024-12-13T20:33:16.679-06:00  INFO 2934 --- [dental-flamingos-system] [restartedMain] o.s.b.w.embedded.tomcat.TomcatWebServer  : Tomcat initialized with port 8080 (http)
2024-12-13T20:33:16.706-06:00  INFO 2934 --- [dental-flamingos-system] [restartedMain] o.apache.catalina.core.StandardService   : Starting service [Tomcat]
2024-12-13T20:33:16.707-06:00  INFO 2934 --- [dental-flamingos-system] [restartedMain] o.apache.catalina.core.StandardEngine    : Starting Servlet engine: [Apache Tomcat/10.1.31]
2024-12-13T20:33:16.772-06:00  INFO 2934 --- [dental-flamingos-system] [restartedMain] o.a.c.c.C.[.[.[/dentalflamingos]         : Initializing Spring embedded WebApplicationContext
2024-12-13T20:33:16.773-06:00  INFO 2934 --- [dental-flamingos-system] [restartedMain] w.s.c.ServletWebServerApplicationContext : Root WebApplicationContext: initialization completed in 2505 ms
2024-12-13T20:33:17.020-06:00  INFO 2934 --- [dental-flamingos-system] [restartedMain] com.zaxxer.hikari.HikariDataSource       : HikariPool-1 - Starting...
2024-12-13T20:33:17.597-06:00  INFO 2934 --- [dental-flamingos-system] [restartedMain] com.zaxxer.hikari.pool.HikariPool        : HikariPool-1 - Added connection com.mysql.cj.jdbc.ConnectionImpl@545ccaca
2024-12-13T20:33:17.599-06:00  INFO 2934 --- [dental-flamingos-system] [restartedMain] com.zaxxer.hikari.HikariDataSource       : HikariPool-1 - Start completed.
2024-12-13T20:33:17.650-06:00  INFO 2934 --- [dental-flamingos-system] [restartedMain] o.hibernate.jpa.internal.util.LogHelper  : HHH000204: Processing PersistenceUnitInfo [name: default]
2024-12-13T20:33:17.702-06:00  INFO 2934 --- [dental-flamingos-system] [restartedMain] org.hibernate.Version                    : HHH000412: Hibernate ORM core version 6.5.3.Final
2024-12-13T20:33:17.738-06:00  INFO 2934 --- [dental-flamingos-system] [restartedMain] o.h.c.internal.RegionFactoryInitiator    : HHH000026: Second-level cache disabled
2024-12-13T20:33:18.120-06:00  INFO 2934 --- [dental-flamingos-system] [restartedMain] o.s.o.j.p.SpringPersistenceUnitInfo      : No LoadTimeWeaver setup: ignoring JPA class transformer
2024-12-13T20:33:19.033-06:00  INFO 2934 --- [dental-flamingos-system] [restartedMain] o.h.e.t.j.p.i.JtaPlatformInitiator       : HHH000489: No JTA platform available (set 'hibernate.transaction.jta.platform' to enable JTA platform integration)
2024-12-13T20:33:19.035-06:00  INFO 2934 --- [dental-flamingos-system] [restartedMain] j.LocalContainerEntityManagerFactoryBean : Initialized JPA EntityManagerFactory for persistence unit 'default'
2024-12-13T20:33:19.297-06:00  INFO 2934 --- [dental-flamingos-system] [restartedMain] o.s.d.j.r.query.QueryEnhancerFactory     : Hibernate is in classpath; If applicable, HQL parser will be used.
2024-12-13T20:33:20.362-06:00  INFO 2934 --- [dental-flamingos-system] [restartedMain] eAuthenticationProviderManagerConfigurer : Global AuthenticationManager configured with AuthenticationProvider bean with name authenticationProvider
2024-12-13T20:33:20.363-06:00  WARN 2934 --- [dental-flamingos-system] [restartedMain] r$InitializeUserDetailsManagerConfigurer : Global AuthenticationManager configured with an AuthenticationProvider bean. UserDetailsService beans will not be used for username/password login. Consider removing the AuthenticationProvider bean. Alternatively, consider using the UserDetailsService in a manually instantiated DaoAuthenticationProvider.
2024-12-13T20:33:20.437-06:00  INFO 2934 --- [dental-flamingos-system] [restartedMain] o.s.b.a.w.s.WelcomePageHandlerMapping    : Adding welcome page template: index
2024-12-13T20:33:21.211-06:00  INFO 2934 --- [dental-flamingos-system] [restartedMain] o.s.b.d.a.OptionalLiveReloadServer       : LiveReload server is running on port 35729
2024-12-13T20:33:21.280-06:00  INFO 2934 --- [dental-flamingos-system] [restartedMain] o.s.b.w.embedded.tomcat.TomcatWebServer  : Tomcat started on port 8080 (http) with context path '/dentalflamingos'
2024-12-13T20:33:21.308-06:00  INFO 2934 --- [dental-flamingos-system] [restartedMain] c.d.DentalFlamingosSystemApplication     : Started DentalFlamingosSystemApplication in 7.952 seconds (process running for 8.722)
2024-12-13T20:33:24.416-06:00  INFO 2934 --- [dental-flamingos-system] [http-nio-8080-exec-1] o.a.c.c.C.[.[.[/dentalflamingos]         : Initializing Spring DispatcherServlet 'dispatcherServlet'
2024-12-13T20:33:24.416-06:00  INFO 2934 --- [dental-flamingos-system] [http-nio-8080-exec-1] o.s.web.servlet.DispatcherServlet        : Initializing Servlet 'dispatcherServlet'
2024-12-13T20:33:24.417-06:00  INFO 2934 --- [dental-flamingos-system] [http-nio-8080-exec-1] o.s.web.servlet.DispatcherServlet        : Completed initialization in 1 ms
2024-12-13T20:33:34.073-06:00  INFO 2934 --- [dental-flamingos-system] [http-nio-8080-exec-6] c.d.controller.index.IndexController     : Se inició sesión por: Dentista(idDentista=2, nombre=Aranza Esther Aguirre Ramírez, numeroCelular=5533470090, usuario=aradent10, password=$2y$11$bEU8YKQiimKxlwdhP.bVm.ilbQEMVpQviNanvlsCOEFzGD4NHFwdK)
2024-12-13T20:34:15.054-06:00  INFO 2934 --- [dental-flamingos-system] [http-nio-8080-exec-6] c.d.controller.index.IndexController     : Se inició sesión por: Dentista(idDentista=1, nombre=Noemi Esther Ramírez Silva, numeroCelular=5575444640, usuario=noemident10, password=$2y$11$ttK2DB7qJYR0LqlzoQLXC.izc/Jue54PoFwG/jwlnqH0jY/uzJgyu)
2024-12-13T20:36:29.340-06:00  INFO 2934 --- [dental-flamingos-system] [http-nio-8080-exec-10] c.d.controller.cita.CitaController       : Se generó nuevo registro : Cita(idCita=21, paciente=Paciente(idPaciente=4, dentista=Dentista(idDentista=1, nombre=Noemi Esther Ramírez Silva, numeroCelular=5575444640, usuario=noemident10, password=$2y$11$ttK2DB7qJYR0LqlzoQLXC.izc/Jue54PoFwG/jwlnqH0jY/uzJgyu), nombre=Ana Rodríguez, fechaNac=1982-12-25, numeroCelular=5554567890, email=ana.rodriguez@example.com, direccion=Plaza Central 101), tratamiento=Tratamiento(idTratamiento=5, descripcion=Blanqueamiento), status=CatalogoStatus(idStatus=1, descripcion=null), fechaHoraCita=2024-12-13T22:30, observaciones=Se agregan observaciones)
2024-12-13T20:37:36.077-06:00  INFO 2934 --- [dental-flamingos-system] [http-nio-8080-exec-3] c.d.controller.index.IndexController     : Se inició sesión por: Dentista(idDentista=1, nombre=Noemi Esther Ramírez Silva, numeroCelular=5575444640, usuario=noemident10, password=$2y$11$ttK2DB7qJYR0LqlzoQLXC.izc/Jue54PoFwG/jwlnqH0jY/uzJgyu)
2024-12-13T20:37:45.414-06:00  INFO 2934 --- [dental-flamingos-system] [SpringApplicationShutdownHook] j.LocalContainerEntityManagerFactoryBean : Closing JPA EntityManagerFactory for persistence unit 'default'
2024-12-13T20:37:45.416-06:00  INFO 2934 --- [dental-flamingos-system] [SpringApplicationShutdownHook] com.zaxxer.hikari.HikariDataSource       : HikariPool-1 - Shutdown initiated...
2024-12-13T20:37:45.420-06:00  INFO 2934 --- [dental-flamingos-system] [SpringApplicationShutdownHook] com.zaxxer.hikari.HikariDataSource       : HikariPool-1 - Shutdown completed.
2024-12-13T20:42:30.137-06:00  INFO 2989 --- [dental-flamingos-system] [restartedMain] c.d.DentalFlamingosSystemApplication     : Starting DentalFlamingosSystemApplication using Java 21.0.1 with PID 2989 (/Users/leonardoaguirreramirez/Desktop/CopiaProyecto/user/dental-flamingos-system/target/classes started by leonardoaguirreramirez in /Users/leonardoaguirreramirez/Desktop/CopiaProyecto/user/dental-flamingos-system)
2024-12-13T20:42:30.154-06:00  INFO 2989 --- [dental-flamingos-system] [restartedMain] c.d.DentalFlamingosSystemApplication     : No active profile set, falling back to 1 default profile: "default"
2024-12-13T20:42:30.292-06:00  INFO 2989 --- [dental-flamingos-system] [restartedMain] .e.DevToolsPropertyDefaultsPostProcessor : Devtools property defaults active! Set 'spring.devtools.add-properties' to 'false' to disable
2024-12-13T20:42:30.292-06:00  INFO 2989 --- [dental-flamingos-system] [restartedMain] .e.DevToolsPropertyDefaultsPostProcessor : For additional web related logging consider setting the 'logging.level.web' property to 'DEBUG'
2024-12-13T20:42:31.436-06:00  INFO 2989 --- [dental-flamingos-system] [restartedMain] .s.d.r.c.RepositoryConfigurationDelegate : Bootstrapping Spring Data JPA repositories in DEFAULT mode.
2024-12-13T20:42:31.536-06:00  INFO 2989 --- [dental-flamingos-system] [restartedMain] .s.d.r.c.RepositoryConfigurationDelegate : Finished Spring Data repository scanning in 92 ms. Found 7 JPA repository interfaces.
2024-12-13T20:42:32.406-06:00  INFO 2989 --- [dental-flamingos-system] [restartedMain] o.s.b.w.embedded.tomcat.TomcatWebServer  : Tomcat initialized with port 8080 (http)
2024-12-13T20:42:32.431-06:00  INFO 2989 --- [dental-flamingos-system] [restartedMain] o.apache.catalina.core.StandardService   : Starting service [Tomcat]
2024-12-13T20:42:32.431-06:00  INFO 2989 --- [dental-flamingos-system] [restartedMain] o.apache.catalina.core.StandardEngine    : Starting Servlet engine: [Apache Tomcat/10.1.31]
2024-12-13T20:42:32.482-06:00  INFO 2989 --- [dental-flamingos-system] [restartedMain] o.a.c.c.C.[.[.[/dentalflamingos]         : Initializing Spring embedded WebApplicationContext
2024-12-13T20:42:32.483-06:00  INFO 2989 --- [dental-flamingos-system] [restartedMain] w.s.c.ServletWebServerApplicationContext : Root WebApplicationContext: initialization completed in 2188 ms
2024-12-13T20:42:32.641-06:00  INFO 2989 --- [dental-flamingos-system] [restartedMain] com.zaxxer.hikari.HikariDataSource       : HikariPool-1 - Starting...
2024-12-13T20:42:33.082-06:00  INFO 2989 --- [dental-flamingos-system] [restartedMain] com.zaxxer.hikari.pool.HikariPool        : HikariPool-1 - Added connection com.mysql.cj.jdbc.ConnectionImpl@3929df41
2024-12-13T20:42:33.084-06:00  INFO 2989 --- [dental-flamingos-system] [restartedMain] com.zaxxer.hikari.HikariDataSource       : HikariPool-1 - Start completed.
2024-12-13T20:42:33.118-06:00  INFO 2989 --- [dental-flamingos-system] [restartedMain] o.hibernate.jpa.internal.util.LogHelper  : HHH000204: Processing PersistenceUnitInfo [name: default]
2024-12-13T20:42:33.163-06:00  INFO 2989 --- [dental-flamingos-system] [restartedMain] org.hibernate.Version                    : HHH000412: Hibernate ORM core version 6.5.3.Final
2024-12-13T20:42:33.191-06:00  INFO 2989 --- [dental-flamingos-system] [restartedMain] o.h.c.internal.RegionFactoryInitiator    : HHH000026: Second-level cache disabled
2024-12-13T20:42:33.541-06:00  INFO 2989 --- [dental-flamingos-system] [restartedMain] o.s.o.j.p.SpringPersistenceUnitInfo      : No LoadTimeWeaver setup: ignoring JPA class transformer
2024-12-13T20:42:34.418-06:00  INFO 2989 --- [dental-flamingos-system] [restartedMain] o.h.e.t.j.p.i.JtaPlatformInitiator       : HHH000489: No JTA platform available (set 'hibernate.transaction.jta.platform' to enable JTA platform integration)
2024-12-13T20:42:34.419-06:00  INFO 2989 --- [dental-flamingos-system] [restartedMain] j.LocalContainerEntityManagerFactoryBean : Initialized JPA EntityManagerFactory for persistence unit 'default'
2024-12-13T20:42:34.657-06:00  INFO 2989 --- [dental-flamingos-system] [restartedMain] o.s.d.j.r.query.QueryEnhancerFactory     : Hibernate is in classpath; If applicable, HQL parser will be used.
2024-12-13T20:42:35.792-06:00  INFO 2989 --- [dental-flamingos-system] [restartedMain] eAuthenticationProviderManagerConfigurer : Global AuthenticationManager configured with AuthenticationProvider bean with name authenticationProvider
2024-12-13T20:42:35.793-06:00  WARN 2989 --- [dental-flamingos-system] [restartedMain] r$InitializeUserDetailsManagerConfigurer : Global AuthenticationManager configured with an AuthenticationProvider bean. UserDetailsService beans will not be used for username/password login. Consider removing the AuthenticationProvider bean. Alternatively, consider using the UserDetailsService in a manually instantiated DaoAuthenticationProvider.
2024-12-13T20:42:35.874-06:00  INFO 2989 --- [dental-flamingos-system] [restartedMain] o.s.b.a.w.s.WelcomePageHandlerMapping    : Adding welcome page template: index
2024-12-13T20:42:36.538-06:00  INFO 2989 --- [dental-flamingos-system] [restartedMain] o.s.b.d.a.OptionalLiveReloadServer       : LiveReload server is running on port 35729
2024-12-13T20:42:36.587-06:00  INFO 2989 --- [dental-flamingos-system] [restartedMain] o.s.b.w.embedded.tomcat.TomcatWebServer  : Tomcat started on port 8080 (http) with context path '/dentalflamingos'
2024-12-13T20:42:36.604-06:00  INFO 2989 --- [dental-flamingos-system] [restartedMain] c.d.DentalFlamingosSystemApplication     : Started DentalFlamingosSystemApplication in 7.109 seconds (process running for 7.778)
2024-12-13T20:42:44.406-06:00  INFO 2989 --- [dental-flamingos-system] [http-nio-8080-exec-1] o.a.c.c.C.[.[.[/dentalflamingos]         : Initializing Spring DispatcherServlet 'dispatcherServlet'
2024-12-13T20:42:44.406-06:00  INFO 2989 --- [dental-flamingos-system] [http-nio-8080-exec-1] o.s.web.servlet.DispatcherServlet        : Initializing Servlet 'dispatcherServlet'
2024-12-13T20:42:44.407-06:00  INFO 2989 --- [dental-flamingos-system] [http-nio-8080-exec-1] o.s.web.servlet.DispatcherServlet        : Completed initialization in 1 ms
2024-12-13T20:42:44.921-06:00  INFO 2989 --- [dental-flamingos-system] [http-nio-8080-exec-2] c.d.controller.index.IndexController     : Se inició sesión por: Dentista(idDentista=2, nombre=Aranza Esther Aguirre Ramírez, numeroCelular=5533470090, usuario=aradent10, password=$2y$11$bEU8YKQiimKxlwdhP.bVm.ilbQEMVpQviNanvlsCOEFzGD4NHFwdK)
2024-12-13T20:43:45.750-06:00  INFO 2989 --- [dental-flamingos-system] [http-nio-8080-exec-2] c.d.controller.index.IndexController     : Se inició sesión por: Dentista(idDentista=1, nombre=Noemi Esther Ramírez Silva, numeroCelular=5575444640, usuario=noemident10, password=$2y$11$ttK2DB7qJYR0LqlzoQLXC.izc/Jue54PoFwG/jwlnqH0jY/uzJgyu)
2024-12-13T20:46:55.378-06:00  INFO 2989 --- [dental-flamingos-system] [http-nio-8080-exec-5] c.d.controller.index.IndexController     : Se inició sesión por: Dentista(idDentista=1, nombre=Noemi Esther Ramírez Silva, numeroCelular=5575444640, usuario=noemident10, password=$2y$11$ttK2DB7qJYR0LqlzoQLXC.izc/Jue54PoFwG/jwlnqH0jY/uzJgyu)
2024-12-13T20:48:45.067-06:00  INFO 2989 --- [dental-flamingos-system] [http-nio-8080-exec-10] c.d.controller.cita.CitaController       : Se generó nuevo registro : Cita(idCita=22, paciente=Paciente(idPaciente=9, dentista=Dentista(idDentista=1, nombre=Noemi Esther Ramírez Silva, numeroCelular=5575444640, usuario=noemident10, password=$2y$11$ttK2DB7qJYR0LqlzoQLXC.izc/Jue54PoFwG/jwlnqH0jY/uzJgyu), nombre=Jorge Hernández, fechaNac=1980-08-22, numeroCelular=5559012345, email=jorge.hernandez@example.com, direccion=Ruta del Sol 606), tratamiento=Tratamiento(idTratamiento=3, descripcion=Limpieza), status=CatalogoStatus(idStatus=1, descripcion=null), fechaHoraCita=2024-12-13T22:30, observaciones=Sin observaciones)
2024-12-13T20:48:53.833-06:00  INFO 2989 --- [dental-flamingos-system] [http-nio-8080-exec-1] c.d.controller.index.IndexController     : Se inició sesión por: Dentista(idDentista=1, nombre=Noemi Esther Ramírez Silva, numeroCelular=5575444640, usuario=noemident10, password=$2y$11$ttK2DB7qJYR0LqlzoQLXC.izc/Jue54PoFwG/jwlnqH0jY/uzJgyu)
2024-12-13T20:50:50.681-06:00  INFO 2989 --- [dental-flamingos-system] [http-nio-8080-exec-1] com.dental_flamingos.model.Paciente      : Se guarda regitro: Paciente(idPaciente=4, dentista=Dentista(idDentista=1, nombre=Noemi Esther Ramírez Silva, numeroCelular=5575444640, usuario=noemident10, password=$2y$11$ttK2DB7qJYR0LqlzoQLXC.izc/Jue54PoFwG/jwlnqH0jY/uzJgyu), nombre=Ana Rodríguez, fechaNac=1982-12-25, numeroCelular=5554567867, email=ana.rodriguez@example.com, direccion=Plaza Central 200)
2024-12-13T20:51:27.611-06:00  WARN 2989 --- [dental-flamingos-system] [http-nio-8080-exec-8] o.h.engine.jdbc.spi.SqlExceptionHelper   : SQL Error: 1451, SQLState: 23000
2024-12-13T20:51:27.611-06:00 ERROR 2989 --- [dental-flamingos-system] [http-nio-8080-exec-8] o.h.engine.jdbc.spi.SqlExceptionHelper   : Cannot delete or update a parent row: a foreign key constraint fails (`dentalflamingos_bkp`.`citas`, CONSTRAINT `citas_ibfk_2` FOREIGN KEY (`idPaciente`) REFERENCES `pacientes` (`idPaciente`))
2024-12-13T20:51:27.616-06:00  INFO 2989 --- [dental-flamingos-system] [http-nio-8080-exec-8] com.dental_flamingos.model.Paciente      : Se genera error al eliminar registro con ID: 4
2024-12-13T20:52:48.780-06:00  INFO 2989 --- [dental-flamingos-system] [http-nio-8080-exec-1] com.dental_flamingos.model.Paciente      : Se guarda regitro: Paciente(idPaciente=13, dentista=Dentista(idDentista=1, nombre=Noemi Esther Ramírez Silva, numeroCelular=5575444640, usuario=noemident10, password=$2y$11$ttK2DB7qJYR0LqlzoQLXC.izc/Jue54PoFwG/jwlnqH0jY/uzJgyu), nombre=Daniel Rojas, fechaNac=1995-12-13, numeroCelular=5652387123, email=, direccion=Direccion cualquiera)
2024-12-13T20:53:46.951-06:00  INFO 2989 --- [dental-flamingos-system] [http-nio-8080-exec-8] c.d.controller.index.IndexController     : Se inició sesión por: Dentista(idDentista=1, nombre=Noemi Esther Ramírez Silva, numeroCelular=5575444640, usuario=noemident10, password=$2y$11$ttK2DB7qJYR0LqlzoQLXC.izc/Jue54PoFwG/jwlnqH0jY/uzJgyu)
2024-12-13T20:54:38.912-06:00  INFO 2989 --- [dental-flamingos-system] [http-nio-8080-exec-3] c.d.model.PagoMovimientos                : Se almacena nuevo movimiento: PagoMovimientos(idMovimiento=14, cita=Cita(idCita=19, paciente=Paciente(idPaciente=12, dentista=Dentista(idDentista=1, nombre=Noemi Esther Ramírez Silva, numeroCelular=5575444640, usuario=noemident10, password=$2y$11$ttK2DB7qJYR0LqlzoQLXC.izc/Jue54PoFwG/jwlnqH0jY/uzJgyu), nombre=Alex López Carranco, fechaNac=1998-12-12, numeroCelular=5587302389, email=, direccion=Sin direccion), tratamiento=Tratamiento(idTratamiento=4, descripcion=Revisión general), status=CatalogoStatus(idStatus=1, descripcion=ACTIVA), fechaHoraCita=2024-12-13T23:55, observaciones=Se modifica observaciones), monto=500.0, fechaPago=2024-12-13, metodoPago=Tarjeta, comentarios=Se paga 500 con tarjeta)
2024-12-13T20:54:38.919-06:00  INFO 2989 --- [dental-flamingos-system] [http-nio-8080-exec-3] com.dental_flamingos.model.PagoResumen   : Se almacena en BD pago resumen: PagoResumen(idResumen=7, cita=Cita(idCita=19, paciente=Paciente(idPaciente=12, dentista=Dentista(idDentista=1, nombre=Noemi Esther Ramírez Silva, numeroCelular=5575444640, usuario=noemident10, password=$2y$11$ttK2DB7qJYR0LqlzoQLXC.izc/Jue54PoFwG/jwlnqH0jY/uzJgyu), nombre=Alex López Carranco, fechaNac=1998-12-12, numeroCelular=5587302389, email=, direccion=Sin direccion), tratamiento=Tratamiento(idTratamiento=4, descripcion=Revisión general), status=CatalogoStatus(idStatus=1, descripcion=ACTIVA), fechaHoraCita=2024-12-13T23:55, observaciones=Se modifica observaciones), montoTotal=5000.0, montoPagado=500.0, montoRestante=null, status=null)
2024-12-13T20:56:41.643-06:00  INFO 2989 --- [dental-flamingos-system] [http-nio-8080-exec-7] c.d.controller.index.IndexController     : Se inició sesión por: Dentista(idDentista=1, nombre=Noemi Esther Ramírez Silva, numeroCelular=5575444640, usuario=noemident10, password=$2y$11$ttK2DB7qJYR0LqlzoQLXC.izc/Jue54PoFwG/jwlnqH0jY/uzJgyu)
2024-12-13T20:57:44.440-06:00  INFO 2989 --- [dental-flamingos-system] [http-nio-8080-exec-2] c.d.controller.index.IndexController     : Se inició sesión por: Dentista(idDentista=1, nombre=Noemi Esther Ramírez Silva, numeroCelular=5575444640, usuario=noemident10, password=$2y$11$ttK2DB7qJYR0LqlzoQLXC.izc/Jue54PoFwG/jwlnqH0jY/uzJgyu)
2024-12-13T20:57:57.303-06:00  WARN 2989 --- [dental-flamingos-system] [http-nio-8080-exec-2] o.h.engine.jdbc.spi.SqlExceptionHelper   : SQL Error: 1451, SQLState: 23000
2024-12-13T20:57:57.304-06:00 ERROR 2989 --- [dental-flamingos-system] [http-nio-8080-exec-2] o.h.engine.jdbc.spi.SqlExceptionHelper   : Cannot delete or update a parent row: a foreign key constraint fails (`dentalflamingos_bkp`.`citas`, CONSTRAINT `citas_ibfk_1` FOREIGN KEY (`idTratamiento`) REFERENCES `catalogotratamientos` (`idTratamiento`))
2024-12-13T20:58:18.210-06:00  INFO 2989 --- [dental-flamingos-system] [http-nio-8080-exec-3] com.dental_flamingos.model.Dentista      : Se modifica la información del dentista Dentista(idDentista=1, nombre=Noemi Esther Ramírez Silvaaaaaaaaa, numeroCelular=5575444640, usuario=noemident10, password=$2y$11$ttK2DB7qJYR0LqlzoQLXC.izc/Jue54PoFwG/jwlnqH0jY/uzJgyu)
2024-12-13T20:58:18.210-06:00  INFO 2989 --- [dental-flamingos-system] [http-nio-8080-exec-3] com.dental_flamingos.model.Dentista      : Se cierra sesión para confirmar los cambios
2024-12-13T20:58:29.020-06:00  INFO 2989 --- [dental-flamingos-system] [http-nio-8080-exec-1] c.d.controller.index.IndexController     : Se inició sesión por: Dentista(idDentista=1, nombre=Noemi Esther Ramírez Silvaaaaaaaaa, numeroCelular=5575444640, usuario=noemident10, password=$2y$11$ttK2DB7qJYR0LqlzoQLXC.izc/Jue54PoFwG/jwlnqH0jY/uzJgyu)
2024-12-13T20:59:55.556-06:00  INFO 2989 --- [dental-flamingos-system] [http-nio-8080-exec-1] com.dental_flamingos.model.Dentista      : Se generó un error en el request HTTP error: 404
2024-12-13T21:00:04.370-06:00  INFO 2989 --- [dental-flamingos-system] [http-nio-8080-exec-5] c.d.controller.index.IndexController     : Se inició sesión por: Dentista(idDentista=1, nombre=Noemi Esther Ramírez Silvaaaaaaaaa, numeroCelular=5575444640, usuario=noemident10, password=$2y$11$ttK2DB7qJYR0LqlzoQLXC.izc/Jue54PoFwG/jwlnqH0jY/uzJgyu)
2024-12-13T21:00:14.416-06:00  INFO 2989 --- [dental-flamingos-system] [http-nio-8080-exec-5] c.d.controller.index.IndexController     : Se inició sesión por: Dentista(idDentista=1, nombre=Noemi Esther Ramírez Silvaaaaaaaaa, numeroCelular=5575444640, usuario=noemident10, password=$2y$11$ttK2DB7qJYR0LqlzoQLXC.izc/Jue54PoFwG/jwlnqH0jY/uzJgyu)
2024-12-13T21:00:19.201-06:00  INFO 2989 --- [dental-flamingos-system] [http-nio-8080-exec-5] c.d.controller.index.IndexController     : Se inició sesión por: Dentista(idDentista=1, nombre=Noemi Esther Ramírez Silvaaaaaaaaa, numeroCelular=5575444640, usuario=noemident10, password=$2y$11$ttK2DB7qJYR0LqlzoQLXC.izc/Jue54PoFwG/jwlnqH0jY/uzJgyu)
2024-12-13T21:00:45.632-06:00  INFO 2989 --- [dental-flamingos-system] [SpringApplicationShutdownHook] j.LocalContainerEntityManagerFactoryBean : Closing JPA EntityManagerFactory for persistence unit 'default'
2024-12-13T21:00:45.634-06:00  INFO 2989 --- [dental-flamingos-system] [SpringApplicationShutdownHook] com.zaxxer.hikari.HikariDataSource       : HikariPool-1 - Shutdown initiated...
2024-12-13T21:00:45.637-06:00  INFO 2989 --- [dental-flamingos-system] [SpringApplicationShutdownHook] com.zaxxer.hikari.HikariDataSource       : HikariPool-1 - Shutdown completed.
2024-12-13T21:08:40.863-06:00  INFO 3171 --- [dental-flamingos-system] [restartedMain] c.d.DentalFlamingosSystemApplication     : Starting DentalFlamingosSystemApplication using Java 21.0.1 with PID 3171 (/Users/leonardoaguirreramirez/Desktop/CopiaProyecto/user/dental-flamingos-system/target/classes started by leonardoaguirreramirez in /Users/leonardoaguirreramirez/Desktop/CopiaProyecto/user/dental-flamingos-system)
2024-12-13T21:08:40.866-06:00  INFO 3171 --- [dental-flamingos-system] [restartedMain] c.d.DentalFlamingosSystemApplication     : No active profile set, falling back to 1 default profile: "default"
2024-12-13T21:08:40.899-06:00  INFO 3171 --- [dental-flamingos-system] [restartedMain] .e.DevToolsPropertyDefaultsPostProcessor : Devtools property defaults active! Set 'spring.devtools.add-properties' to 'false' to disable
2024-12-13T21:08:40.899-06:00  INFO 3171 --- [dental-flamingos-system] [restartedMain] .e.DevToolsPropertyDefaultsPostProcessor : For additional web related logging consider setting the 'logging.level.web' property to 'DEBUG'
2024-12-13T21:08:41.469-06:00  INFO 3171 --- [dental-flamingos-system] [restartedMain] .s.d.r.c.RepositoryConfigurationDelegate : Bootstrapping Spring Data JPA repositories in DEFAULT mode.
2024-12-13T21:08:41.523-06:00  INFO 3171 --- [dental-flamingos-system] [restartedMain] .s.d.r.c.RepositoryConfigurationDelegate : Finished Spring Data repository scanning in 47 ms. Found 7 JPA repository interfaces.
2024-12-13T21:08:41.948-06:00  INFO 3171 --- [dental-flamingos-system] [restartedMain] o.s.b.w.embedded.tomcat.TomcatWebServer  : Tomcat initialized with port 8080 (http)
2024-12-13T21:08:41.959-06:00  INFO 3171 --- [dental-flamingos-system] [restartedMain] o.apache.catalina.core.StandardService   : Starting service [Tomcat]
2024-12-13T21:08:41.959-06:00  INFO 3171 --- [dental-flamingos-system] [restartedMain] o.apache.catalina.core.StandardEngine    : Starting Servlet engine: [Apache Tomcat/10.1.31]
2024-12-13T21:08:41.990-06:00  INFO 3171 --- [dental-flamingos-system] [restartedMain] o.a.c.c.C.[.[.[/dentalflamingos]         : Initializing Spring embedded WebApplicationContext
2024-12-13T21:08:41.991-06:00  INFO 3171 --- [dental-flamingos-system] [restartedMain] w.s.c.ServletWebServerApplicationContext : Root WebApplicationContext: initialization completed in 1090 ms
2024-12-13T21:08:42.103-06:00  INFO 3171 --- [dental-flamingos-system] [restartedMain] com.zaxxer.hikari.HikariDataSource       : HikariPool-1 - Starting...
2024-12-13T21:08:42.361-06:00  INFO 3171 --- [dental-flamingos-system] [restartedMain] com.zaxxer.hikari.pool.HikariPool        : HikariPool-1 - Added connection com.mysql.cj.jdbc.ConnectionImpl@1fae64d6
2024-12-13T21:08:42.362-06:00  INFO 3171 --- [dental-flamingos-system] [restartedMain] com.zaxxer.hikari.HikariDataSource       : HikariPool-1 - Start completed.
2024-12-13T21:08:42.388-06:00  INFO 3171 --- [dental-flamingos-system] [restartedMain] o.hibernate.jpa.internal.util.LogHelper  : HHH000204: Processing PersistenceUnitInfo [name: default]
2024-12-13T21:08:42.417-06:00  INFO 3171 --- [dental-flamingos-system] [restartedMain] org.hibernate.Version                    : HHH000412: Hibernate ORM core version 6.5.3.Final
2024-12-13T21:08:42.434-06:00  INFO 3171 --- [dental-flamingos-system] [restartedMain] o.h.c.internal.RegionFactoryInitiator    : HHH000026: Second-level cache disabled
2024-12-13T21:08:42.607-06:00  INFO 3171 --- [dental-flamingos-system] [restartedMain] o.s.o.j.p.SpringPersistenceUnitInfo      : No LoadTimeWeaver setup: ignoring JPA class transformer
2024-12-13T21:08:43.227-06:00  INFO 3171 --- [dental-flamingos-system] [restartedMain] o.h.e.t.j.p.i.JtaPlatformInitiator       : HHH000489: No JTA platform available (set 'hibernate.transaction.jta.platform' to enable JTA platform integration)
2024-12-13T21:08:43.228-06:00  INFO 3171 --- [dental-flamingos-system] [restartedMain] j.LocalContainerEntityManagerFactoryBean : Initialized JPA EntityManagerFactory for persistence unit 'default'
2024-12-13T21:08:43.428-06:00  INFO 3171 --- [dental-flamingos-system] [restartedMain] o.s.d.j.r.query.QueryEnhancerFactory     : Hibernate is in classpath; If applicable, HQL parser will be used.
2024-12-13T21:08:44.439-06:00  INFO 3171 --- [dental-flamingos-system] [restartedMain] eAuthenticationProviderManagerConfigurer : Global AuthenticationManager configured with AuthenticationProvider bean with name authenticationProvider
2024-12-13T21:08:44.440-06:00  WARN 3171 --- [dental-flamingos-system] [restartedMain] r$InitializeUserDetailsManagerConfigurer : Global AuthenticationManager configured with an AuthenticationProvider bean. UserDetailsService beans will not be used for username/password login. Consider removing the AuthenticationProvider bean. Alternatively, consider using the UserDetailsService in a manually instantiated DaoAuthenticationProvider.
2024-12-13T21:08:44.554-06:00  INFO 3171 --- [dental-flamingos-system] [restartedMain] o.s.b.a.w.s.WelcomePageHandlerMapping    : Adding welcome page template: index
2024-12-13T21:08:45.517-06:00  INFO 3171 --- [dental-flamingos-system] [restartedMain] o.s.b.d.a.OptionalLiveReloadServer       : LiveReload server is running on port 35729
2024-12-13T21:08:45.569-06:00  INFO 3171 --- [dental-flamingos-system] [restartedMain] o.s.b.w.embedded.tomcat.TomcatWebServer  : Tomcat started on port 8080 (http) with context path '/dentalflamingos'
2024-12-13T21:08:45.587-06:00  INFO 3171 --- [dental-flamingos-system] [restartedMain] c.d.DentalFlamingosSystemApplication     : Started DentalFlamingosSystemApplication in 5.016 seconds (process running for 5.34)
2024-12-13T21:08:47.470-06:00  INFO 3171 --- [dental-flamingos-system] [http-nio-8080-exec-1] o.a.c.c.C.[.[.[/dentalflamingos]         : Initializing Spring DispatcherServlet 'dispatcherServlet'
2024-12-13T21:08:47.470-06:00  INFO 3171 --- [dental-flamingos-system] [http-nio-8080-exec-1] o.s.web.servlet.DispatcherServlet        : Initializing Servlet 'dispatcherServlet'
2024-12-13T21:08:47.470-06:00  INFO 3171 --- [dental-flamingos-system] [http-nio-8080-exec-1] o.s.web.servlet.DispatcherServlet        : Completed initialization in 0 ms
2024-12-13T21:08:58.126-06:00  INFO 3171 --- [dental-flamingos-system] [http-nio-8080-exec-6] c.d.controller.index.IndexController     : Se inició sesión por: Dentista(idDentista=2, nombre=Aranza Esther Aguirre Ramírez, numeroCelular=5533470090, usuario=aradent10, password=$2y$11$bEU8YKQiimKxlwdhP.bVm.ilbQEMVpQviNanvlsCOEFzGD4NHFwdK)
2024-12-13T21:09:49.423-06:00  INFO 3171 --- [dental-flamingos-system] [http-nio-8080-exec-1] c.d.controller.index.IndexController     : Se inició sesión por: Dentista(idDentista=1, nombre=Noemi Esther Ramírez Silvaaaaaaaaa, numeroCelular=5575444640, usuario=noemident10, password=$2y$11$ttK2DB7qJYR0LqlzoQLXC.izc/Jue54PoFwG/jwlnqH0jY/uzJgyu)
2024-12-13T21:10:03.404-06:00  INFO 3171 --- [dental-flamingos-system] [http-nio-8080-exec-4] c.d.controller.index.IndexController     : Se inició sesión por: Dentista(idDentista=1, nombre=Noemi Esther Ramírez Silvaaaaaaaaa, numeroCelular=5575444640, usuario=noemident10, password=$2y$11$ttK2DB7qJYR0LqlzoQLXC.izc/Jue54PoFwG/jwlnqH0jY/uzJgyu)
2024-12-13T21:11:02.404-06:00  INFO 3171 --- [dental-flamingos-system] [http-nio-8080-exec-2] c.d.controller.index.IndexController     : Se inició sesión por: Dentista(idDentista=1, nombre=Noemi Esther Ramírez Silvaaaaaaaaa, numeroCelular=5575444640, usuario=noemident10, password=$2y$11$ttK2DB7qJYR0LqlzoQLXC.izc/Jue54PoFwG/jwlnqH0jY/uzJgyu)
2024-12-13T21:11:20.960-06:00  INFO 3171 --- [dental-flamingos-system] [http-nio-8080-exec-3] c.d.controller.cita.CitaController       : Se generó nuevo registro : Cita(idCita=23, paciente=Paciente(idPaciente=13, dentista=Dentista(idDentista=1, nombre=Noemi Esther Ramírez Silvaaaaaaaaa, numeroCelular=5575444640, usuario=noemident10, password=$2y$11$ttK2DB7qJYR0LqlzoQLXC.izc/Jue54PoFwG/jwlnqH0jY/uzJgyu), nombre=Daniel Rojas, fechaNac=1995-12-13, numeroCelular=5652387123, email=, direccion=Direccion cualquiera), tratamiento=Tratamiento(idTratamiento=6, descripcion=Remoción de sarro), status=CatalogoStatus(idStatus=1, descripcion=null), fechaHoraCita=2024-12-13T21:30, observaciones=)
2024-12-13T21:11:22.982-06:00  INFO 3171 --- [dental-flamingos-system] [http-nio-8080-exec-9] c.d.controller.index.IndexController     : Se inició sesión por: Dentista(idDentista=1, nombre=Noemi Esther Ramírez Silvaaaaaaaaa, numeroCelular=5575444640, usuario=noemident10, password=$2y$11$ttK2DB7qJYR0LqlzoQLXC.izc/Jue54PoFwG/jwlnqH0jY/uzJgyu)
2024-12-13T21:12:10.694-06:00  INFO 3171 --- [dental-flamingos-system] [http-nio-8080-exec-5] com.dental_flamingos.model.Paciente      : Se guarda regitro: Paciente(idPaciente=3, dentista=Dentista(idDentista=1, nombre=Noemi Esther Ramírez Silvaaaaaaaaa, numeroCelular=5575444640, usuario=noemident10, password=$2y$11$ttK2DB7qJYR0LqlzoQLXC.izc/Jue54PoFwG/jwlnqH0jY/uzJgyu), nombre=Carlos López, fechaNac=1978-09-10, numeroCelular=5553456789, email=carlos.lopez@example.com, direccion=Boulevard Principal 800)
2024-12-13T21:12:28.409-06:00  WARN 3171 --- [dental-flamingos-system] [http-nio-8080-exec-2] o.h.engine.jdbc.spi.SqlExceptionHelper   : SQL Error: 1451, SQLState: 23000
2024-12-13T21:12:28.409-06:00 ERROR 3171 --- [dental-flamingos-system] [http-nio-8080-exec-2] o.h.engine.jdbc.spi.SqlExceptionHelper   : Cannot delete or update a parent row: a foreign key constraint fails (`dentalflamingos_bkp`.`citas`, CONSTRAINT `citas_ibfk_2` FOREIGN KEY (`idPaciente`) REFERENCES `pacientes` (`idPaciente`))
2024-12-13T21:12:28.413-06:00  INFO 3171 --- [dental-flamingos-system] [http-nio-8080-exec-2] com.dental_flamingos.model.Paciente      : Se genera error al eliminar registro con ID: 3
2024-12-13T21:13:35.362-06:00  INFO 3171 --- [dental-flamingos-system] [http-nio-8080-exec-5] com.dental_flamingos.model.Paciente      : Se guarda regitro: Paciente(idPaciente=14, dentista=Dentista(idDentista=1, nombre=Noemi Esther Ramírez Silvaaaaaaaaa, numeroCelular=5575444640, usuario=noemident10, password=$2y$11$ttK2DB7qJYR0LqlzoQLXC.izc/Jue54PoFwG/jwlnqH0jY/uzJgyu), nombre=Armando Hernandez, fechaNac=1900-12-13, numeroCelular=6536542687, email=, direccion=Sin direccion)
2024-12-13T21:13:54.196-06:00  INFO 3171 --- [dental-flamingos-system] [http-nio-8080-exec-2] com.dental_flamingos.model.Paciente      : Se almacena registro con ID: 14
2024-12-13T21:15:27.641-06:00  INFO 3171 --- [dental-flamingos-system] [http-nio-8080-exec-2] c.d.controller.index.IndexController     : Se inició sesión por: Dentista(idDentista=1, nombre=Noemi Esther Ramírez Silvaaaaaaaaa, numeroCelular=5575444640, usuario=noemident10, password=$2y$11$ttK2DB7qJYR0LqlzoQLXC.izc/Jue54PoFwG/jwlnqH0jY/uzJgyu)
2024-12-13T21:15:55.596-06:00  INFO 3171 --- [dental-flamingos-system] [http-nio-8080-exec-10] c.d.model.PagoMovimientos                : Se almacena nuevo movimiento: PagoMovimientos(idMovimiento=17, cita=Cita(idCita=22, paciente=Paciente(idPaciente=9, dentista=Dentista(idDentista=1, nombre=Noemi Esther Ramírez Silvaaaaaaaaa, numeroCelular=5575444640, usuario=noemident10, password=$2y$11$ttK2DB7qJYR0LqlzoQLXC.izc/Jue54PoFwG/jwlnqH0jY/uzJgyu), nombre=Jorge Hernández, fechaNac=1980-08-22, numeroCelular=5559012345, email=jorge.hernandez@example.com, direccion=Ruta del Sol 606), tratamiento=Tratamiento(idTratamiento=3, descripcion=Limpieza), status=CatalogoStatus(idStatus=1, descripcion=ACTIVA), fechaHoraCita=2024-12-13T22:30, observaciones=Sin observaciones), monto=1500.0, fechaPago=2024-12-13, metodoPago=Tarjeta, comentarios=)
2024-12-13T21:15:55.605-06:00  INFO 3171 --- [dental-flamingos-system] [http-nio-8080-exec-10] com.dental_flamingos.model.PagoResumen   : Se almacena en BD pago resumen: PagoResumen(idResumen=8, cita=Cita(idCita=22, paciente=Paciente(idPaciente=9, dentista=Dentista(idDentista=1, nombre=Noemi Esther Ramírez Silvaaaaaaaaa, numeroCelular=5575444640, usuario=noemident10, password=$2y$11$ttK2DB7qJYR0LqlzoQLXC.izc/Jue54PoFwG/jwlnqH0jY/uzJgyu), nombre=Jorge Hernández, fechaNac=1980-08-22, numeroCelular=5559012345, email=jorge.hernandez@example.com, direccion=Ruta del Sol 606), tratamiento=Tratamiento(idTratamiento=3, descripcion=Limpieza), status=CatalogoStatus(idStatus=1, descripcion=ACTIVA), fechaHoraCita=2024-12-13T22:30, observaciones=Sin observaciones), montoTotal=4000.0, montoPagado=1500.0, montoRestante=null, status=null)
2024-12-13T21:16:39.536-06:00  INFO 3171 --- [dental-flamingos-system] [http-nio-8080-exec-6] c.d.controller.index.IndexController     : Se inició sesión por: Dentista(idDentista=1, nombre=Noemi Esther Ramírez Silvaaaaaaaaa, numeroCelular=5575444640, usuario=noemident10, password=$2y$11$ttK2DB7qJYR0LqlzoQLXC.izc/Jue54PoFwG/jwlnqH0jY/uzJgyu)
2024-12-13T21:17:30.130-06:00  INFO 3171 --- [dental-flamingos-system] [http-nio-8080-exec-1] com.dental_flamingos.model.Dentista      : Se modifica la información del dentista Dentista(idDentista=1, nombre=Noemi Esther Ramírez Silva, numeroCelular=5575444640, usuario=noemident10, password=$2y$11$ttK2DB7qJYR0LqlzoQLXC.izc/Jue54PoFwG/jwlnqH0jY/uzJgyu)
2024-12-13T21:17:30.130-06:00  INFO 3171 --- [dental-flamingos-system] [http-nio-8080-exec-1] com.dental_flamingos.model.Dentista      : Se cierra sesión para confirmar los cambios
2024-12-13T21:17:36.785-06:00  INFO 3171 --- [dental-flamingos-system] [http-nio-8080-exec-4] c.d.controller.index.IndexController     : Se inició sesión por: Dentista(idDentista=1, nombre=Noemi Esther Ramírez Silva, numeroCelular=5575444640, usuario=noemident10, password=$2y$11$ttK2DB7qJYR0LqlzoQLXC.izc/Jue54PoFwG/jwlnqH0jY/uzJgyu)
2024-12-13T21:17:39.027-06:00  INFO 3171 --- [dental-flamingos-system] [http-nio-8080-exec-10] c.d.controller.index.IndexController     : Se inició sesión por: Dentista(idDentista=1, nombre=Noemi Esther Ramírez Silva, numeroCelular=5575444640, usuario=noemident10, password=$2y$11$ttK2DB7qJYR0LqlzoQLXC.izc/Jue54PoFwG/jwlnqH0jY/uzJgyu)
2024-12-13T21:18:16.860-06:00  INFO 3171 --- [dental-flamingos-system] [http-nio-8080-exec-3] com.dental_flamingos.model.Dentista      : Se generó un error en el request HTTP error: 404
2024-12-13T21:18:22.399-06:00  INFO 3171 --- [dental-flamingos-system] [http-nio-8080-exec-6] c.d.controller.index.IndexController     : Se inició sesión por: Dentista(idDentista=1, nombre=Noemi Esther Ramírez Silva, numeroCelular=5575444640, usuario=noemident10, password=$2y$11$ttK2DB7qJYR0LqlzoQLXC.izc/Jue54PoFwG/jwlnqH0jY/uzJgyu)
